21:15:56.240 logback [main] INFO  c.y.w.e.ElothBackendApplication - Starting ElothBackendApplication on DESKTOP-V7DJHC8 with PID 15652 (C:\Users\12849\IdeaProjects\eloth_backend\target\classes started by 12849 in C:\Users\12849\IdeaProjects\eloth_backend)
21:15:56.246 logback [main] INFO  c.y.w.e.ElothBackendApplication - No active profile set, falling back to default profiles: default
21:15:58.061 logback [main] WARN  o.m.s.mapper.ClassPathMapperScanner - No MyBatis mapper was found in '[cn.yanglj65.www.eloth_backend]' package. Please check your configuration.
21:15:58.103 logback [main] INFO  o.s.d.r.c.RepositoryConfigurationDelegate - Bootstrapping Spring Data repositories in DEFAULT mode.
21:15:58.193 logback [main] INFO  o.s.d.r.c.RepositoryConfigurationDelegate - Finished Spring Data repository scanning in 84ms. Found 6 repository interfaces.
21:15:58.545 logback [main] INFO  o.s.c.s.PostProcessorRegistrationDelegate$BeanPostProcessorChecker - Bean 'org.springframework.transaction.annotation.ProxyTransactionManagementConfiguration' of type [org.springframework.transaction.annotation.ProxyTransactionManagementConfiguration$$EnhancerBySpringCGLIB$$bcc4d7a4] is not eligible for getting processed by all BeanPostProcessors (for example: not eligible for auto-proxying)
21:15:58.876 logback [main] INFO  o.s.b.w.e.tomcat.TomcatWebServer - Tomcat initialized with port(s): 8008 (http)
21:15:58.891 logback [main] INFO  o.a.coyote.http11.Http11NioProtocol - Initializing ProtocolHandler ["http-nio-8008"]
21:15:58.898 logback [main] INFO  o.a.catalina.core.StandardService - Starting service [Tomcat]
21:15:58.898 logback [main] INFO  o.a.catalina.core.StandardEngine - Starting Servlet Engine: Apache Tomcat/9.0.12
21:15:58.905 logback [main] INFO  o.a.c.core.AprLifecycleListener - The APR based Apache Tomcat Native library which allows optimal performance in production environments was not found on the java.library.path: [C:\Program Files\Java\jdk1.8.0_171\bin;C:\WINDOWS\Sun\Java\bin;C:\WINDOWS\system32;C:\WINDOWS;C:\Program Files (x86)\Common Files\Oracle\Java\javapath;C:\WINDOWS\system32;C:\WINDOWS;C:\WINDOWS\System32\Wbem;C:\WINDOWS\System32\WindowsPowerShell\v1.0\;C:\Program Files\dotnet\;C:\Program Files\Java\jdk1.8.0_171\jre\bin;C:\Program Files\Java\jdk1.8.0_171\bin;C:\Program Files\MySQL\MySQL Server 8.0\bin;C:\WINDOWS\System32\OpenSSH\;C:\Program Files\TortoiseSVN\bin;C:\Program Files\Java\apache-maven-3.5.3\bin;C:\Program Files\nodejs\;C:\Program Files (x86)\PuTTY\;C:\Program Files\Git\cmd;C:\Program Files\MATLAB\R2016a\runtime\win64;C:\Program Files\MATLAB\R2016a\bin;C:\Program Files\MATLAB\R2016a\polyspace\bin;C:\Users\12849\openCV3.2.0\opencv\build\x64\vc14\bin;C:\Users\12849\openCV3.2.0\opencv\build\x64\vc14\lib;C:\Users\12849\AppData\Local\Programs\Python\Python36\Scripts\;C:\Users\12849\AppData\Local\Programs\Python\Python36\;C:\Users\12849\AppData\Local\Programs\Python\Python37\Scripts\;C:\Users\12849\AppData\Local\Programs\Python\Python37\;C:\Users\12849\AppData\Local\Microsoft\WindowsApps;C:\Users\12849\AppData\Roaming\npm;C:\Users\12849\AppData\Local\Programs\Microsoft VS Code\bin;C:\Program Files\CMake\bin;.]
21:15:59.040 logback [main] INFO  o.a.c.c.C.[Tomcat].[localhost].[/] - Initializing Spring embedded WebApplicationContext
21:15:59.040 logback [main] INFO  o.s.web.context.ContextLoader - Root WebApplicationContext: initialization completed in 2450 ms
21:15:59.206 logback [main] INFO  com.zaxxer.hikari.HikariDataSource - HikariPool-1 - Starting...
21:15:59.319 logback [main] INFO  com.zaxxer.hikari.HikariDataSource - HikariPool-1 - Start completed.
21:15:59.483 logback [main] INFO  o.h.jpa.internal.util.LogHelper - HHH000204: Processing PersistenceUnitInfo [
	name: default
	...]
21:15:59.561 logback [main] INFO  org.hibernate.Version - HHH000412: Hibernate Core {5.3.7.Final}
21:15:59.563 logback [main] INFO  org.hibernate.cfg.Environment - HHH000206: hibernate.properties not found
21:15:59.687 logback [main] INFO  o.h.annotations.common.Version - HCANN000001: Hibernate Commons Annotations {5.0.4.Final}
21:15:59.845 logback [main] INFO  org.hibernate.dialect.Dialect - HHH000400: Using dialect: org.hibernate.dialect.MySQL5InnoDBDialect
21:16:00.034 logback [main] INFO  o.h.id.enhanced.TableGenerator - HHH000398: Explicit segment value for id generator [hibernate_sequences.sequence_name] suggested; using default [default]
21:16:00.718 logback [main] INFO  o.s.o.j.LocalContainerEntityManagerFactoryBean - Initialized JPA EntityManagerFactory for persistence unit 'default'
21:16:00.994 logback [main] INFO  o.s.b.w.s.ServletRegistrationBean - Servlet dispatcherServlet mapped to [/]
21:16:00.998 logback [main] INFO  o.s.b.w.s.FilterRegistrationBean - Mapping filter: 'characterEncodingFilter' to: [/*]
21:16:00.999 logback [main] INFO  o.s.b.w.s.FilterRegistrationBean - Mapping filter: 'hiddenHttpMethodFilter' to: [/*]
21:16:00.999 logback [main] INFO  o.s.b.w.s.FilterRegistrationBean - Mapping filter: 'formContentFilter' to: [/*]
21:16:00.999 logback [main] INFO  o.s.b.w.s.FilterRegistrationBean - Mapping filter: 'requestContextFilter' to: [/*]
21:16:00.999 logback [main] INFO  o.s.b.w.s.FilterRegistrationBean - Mapping filter: 'authFilter' to: [/*]
21:16:01.370 logback [main] INFO  o.s.s.c.ThreadPoolTaskExecutor - Initializing ExecutorService 'applicationTaskExecutor'
21:16:01.416 logback [main] WARN  o.s.b.a.o.j.JpaBaseConfiguration$JpaWebConfiguration$JpaWebMvcConfiguration - spring.jpa.open-in-view is enabled by default. Therefore, database queries may be performed during view rendering. Explicitly configure spring.jpa.open-in-view to disable this warning
21:16:01.694 logback [main] INFO  o.a.coyote.http11.Http11NioProtocol - Starting ProtocolHandler ["http-nio-8008"]
21:16:01.706 logback [main] INFO  o.a.tomcat.util.net.NioSelectorPool - Using a shared selector for servlet write/read
21:16:01.725 logback [main] INFO  o.s.b.w.e.tomcat.TomcatWebServer - Tomcat started on port(s): 8008 (http) with context path ''
21:16:01.729 logback [main] INFO  c.y.w.e.ElothBackendApplication - Started ElothBackendApplication in 6.615 seconds (JVM running for 8.086)
21:16:15.049 logback [http-nio-8008-exec-1] INFO  o.a.c.c.C.[Tomcat].[localhost].[/] - Initializing Spring DispatcherServlet 'dispatcherServlet'
21:16:15.049 logback [http-nio-8008-exec-1] INFO  o.s.web.servlet.DispatcherServlet - Initializing Servlet 'dispatcherServlet'
21:16:15.067 logback [http-nio-8008-exec-1] INFO  o.s.web.servlet.DispatcherServlet - Completed initialization in 18 ms
21:16:15.133 logback [http-nio-8008-exec-1] INFO  o.h.h.i.QueryTranslatorFactoryInitiator - HHH000397: Using ASTQueryTranslatorFactory
